<?xml version="1.0" encoding="UTF-8"?>
<!-- Generated by org.testng.reporters.JUnitXMLReporter -->
<testsuite ignored="0" hostname="DESKTOP-8NSSE1F" failures="0" tests="3" name="Default test" time="0.23" errors="0" timestamp="2023-01-28T13:49:22 IST">
  <testcase classname="com.app.nit.MynewProject123.Testng" name="t1" time="0.032"/>
  <testcase classname="com.app.nit.MynewProject123.Testng" name="t2" time="0.013"/>
  <testcase classname="com.app.nit.MynewProject123.Testng" name="t3" time="0.015"/>
</testsuite> <!-- Default test -->
