<?xml version="1.0" encoding="UTF-8"?>
<testng-results ignored="0" total="0" passed="0" failed="0" skipped="0">
  <reporter-output>
  </reporter-output>
  <suite started-at="2023-01-28T14:48:50 IST" name="com.app.nit.MynewProject123.AppTest" finished-at="2023-01-28T14:48:50 IST" duration-ms="32">
    <groups>
    </groups>
    <test started-at="2023-01-28T14:48:50 IST" name="Command line test" finished-at="2023-01-28T14:48:50 IST" duration-ms="32">
    </test> <!-- Command line test -->
  </suite> <!-- com.app.nit.MynewProject123.AppTest -->
</testng-results>
